Adamov
Bedihošť
Bedihošť - Čehovice
Blatná
Bohdalov
Bojkovice
Bor
Borová
Brumovice
Buchlovice
Bučovice
Bystřice nad Pernštejnem
Bzenec
Bílina
Bílá Třemešná
Bělá pod Bezdězem
Březová-Oleško
Cerekvice nad Loučnou
Chotíkov
Chotěboř
Dešenice
Dobruška
Dolní Cerekev
Drahanovice
Dubňany
Dýšina
Dřenice
Dřínov
Grygov
Hamry nad Sázavou
Herink
Hladké Životice
Holetín
Holešov
Homole
Horní Jelení
Horní Moštěnice
Horní Suchá
Hrdějovice
Hrochův Týnec
Hroznová Lhota
Hrušovany nad Jevišovkou
Humpolec
Husinec
Hřivice
Jablonné nad Orlicí
Jablunkov
Jaroměřice nad Rokytnou
Jesenný
Jistebnice
Jiříkovice
Kardašova Řečice
Kasejovice
Klášterec nad Ohří
Kojetín
Konárovice
Korytná
Kostelec
Kostelní Myslová
Kostice
Kozmice
Krouna
Krucemburk
Králův Dvůr
Kunín
Lačnov
Ledenice
Lelekovice
Lhota u Vsetína
Libice nad Cidlinou
Libochovice
Libčice nad Vltavou
Lipník nad Bečvou
Lipov
Lipůvka
Litultovice
Litvínov
Lišov
Losiná
Luka nad Jihlavou
Lučany nad Nisou
Lípa
Mikulčice
Milevsko
Milešovice
Mnichovice
Moravany
Moravské Budějovice
Mrákotín
Myslibořice
Město Touškov
Měřín
Nejdek
Nesovice
Nezvěstice
Nové Město na Moravě
Nupaky
Olomučany
Opatov
Ostrožská Lhota
Otice
Otvice
Ořechov
Pacov
Paskov
Pavlov
Podhradní Lhota
Polná
Průhonice
Přeštice
Radešínská Svratka
Radonice
Raduň
Roudnice nad Labem
Rousínov
Roštění
Rožďalovice
Rýmařov
Salaš
Sedliště
Sedlčany
Silůvky
Slavičín
Slavkov pod Hostýnem
Slavonice
Sloupnice
Sluštice
Stráž nad Nisou
Střelná
Suchohrdly
Suchá Loz
Sudice
Sulice
Svatý Jan nad Malší
Svitávka
Tasov
Tlumačov
Toužim
Tupadly
Tučín
Týn nad Vltavou
Třebechovice pod Orebem
Valašské Příkazy
Valy
Velká Bíteš
Velké Opatovice
Verměřovice
Veselíčko
Vidnava
Vidov
Viničné Šumice
Vizovice
Vlachovo Březí
Vlastiboř
Vlkoš
Vojkovice
Vracov
Vranovice
Vroutek
Václavovice
Věžky
Všemina
Zbýšov
Zdiby
Zdounky
Zátor
Újezdeček
Černá Hora
Česká Kamenice
Česká Skalice
Částkov
Škvorec
Študlov
Štěpánov
Šťáhlavy
Ždánice
Ždírec
Žerůtky
Židlochovice
Životice u Nového Jičína
Žižice