NACE mismatch: Zprostředkování v oblasti velkoobchodu za provizi (expected division 31)
NACE mismatch: Výroba ostatních dřevěných, korkových, proutěných a slaměných výrobků (expected division 31)
NACE mismatch: Výroba dřevěných, korkových, proutěných a slaměných výrobků (expected division 31)
NACE mismatch: Výroba ostatních dřevěných, korkových, proutěných a slaměných výrobků (expected division 31)
NACE mismatch: Nespecializovaný velkoobchod (expected division 31)
NACE mismatch: Výroba dřevěných, korkových, proutěných a slaměných výrobků (expected division 31)
NACE mismatch: Výroba ostatních kovových výrobků j. n. (expected division 31)
NACE mismatch: Velkoobchod (expected division 31)
NACE mismatch: Výroba nožířských výrobků, nástrojů a železářských výrobků (expected division 31)
NACE mismatch: Opravy a údržba elektrických zařízení (expected division 31)
NACE mismatch: Výroba pryžových a plastových výrobků (expected division 31)
NACE mismatch: Truhlářské práce (expected division 31)
NACE mismatch: Výroba zámků a kování (expected division 31)
NACE mismatch: Výroba ostatních dřevěných, korkových, proutěných a slaměných výrobků (expected division 31)
NACE mismatch: Výroba nástrojů a nářadí (expected division 31)
Stale year 2014 (out of 2015–2030 window): IČO=28615107
NACE mismatch: Výroba dýh a desek na bázi dřeva (expected division 31)
NACE mismatch: Truhlářské práce (expected division 31)
NACE mismatch: Povrchové úpravy a zušlechťování kovů; obrábění (expected division 31)
NACE mismatch: Výroba ostatních výrobků stavebního truhlářství a tesařství (expected division 31)
NACE mismatch: Truhlářské práce (expected division 31)
NACE mismatch: Truhlářské práce (expected division 31)
NACE mismatch: Výroba ostatních výrobků stavebního truhlářství a tesařství (expected division 31)
NACE mismatch: Výroba zámků a kování (expected division 31)
NACE mismatch: Výroba nožířských výrobků, nástrojů a železářských výrobků (expected division 31)
NACE mismatch: Nespecializovaný velkoobchod (expected division 31)
Missing employee data: IČO=28437519 (exact=null bucket="Neuvedeno")
NACE mismatch: Zpracování dřeva, výroba dřevěných, korkových, proutěných a slaměných výrobků, kromě nábytku (expected division 31)
NACE mismatch: Účetnické a auditorské činnosti; daňové poradenství (expected division 31)
NACE mismatch: Výroba bytového textilu a konfekčních bytových textilií (expected division 31)
NACE mismatch: Výroba ostatních kovových výrobků (expected division 31)
NACE mismatch: Truhlářské práce (expected division 31)
NACE mismatch: Výroba dýh a desek na bázi dřeva (expected division 31)
NACE mismatch: Výroba strojů a zařízení j. n. (expected division 31)